\BOOKMARK [1][-]{section.1}{Project}{}% 1
\BOOKMARK [2][-]{subsection.1.1}{Intro}{section.1}% 2
\BOOKMARK [3][-]{subsubsection.1.1.1}{Introduction}{subsection.1.1}% 3
\BOOKMARK [3][-]{subsubsection.1.1.2}{Vision}{subsection.1.1}% 4
\BOOKMARK [3][-]{subsubsection.1.1.3}{Problem statement}{subsection.1.1}% 5
\BOOKMARK [3][-]{subsubsection.1.1.4}{Summary of system features}{subsection.1.1}% 6
\BOOKMARK [3][-]{subsubsection.1.1.5}{Glossary}{subsection.1.1}% 7
\BOOKMARK [2][-]{subsection.1.2}{Requirement / Analysis}{section.1}% 8
\BOOKMARK [3][-]{subsubsection.1.2.1}{User stories}{subsection.1.2}% 9
\BOOKMARK [3][-]{subsubsection.1.2.2}{Use cases}{subsection.1.2}% 10
\BOOKMARK [3][-]{subsubsection.1.2.3}{Other requirements}{subsection.1.2}% 11
\BOOKMARK [3][-]{subsubsection.1.2.4}{Domain model}{subsection.1.2}% 12
\BOOKMARK [3][-]{subsubsection.1.2.5}{Data model}{subsection.1.2}% 13
\BOOKMARK [3][-]{subsubsection.1.2.6}{Logical architecture}{subsection.1.2}% 14
\BOOKMARK [3][-]{subsubsection.1.2.7}{Limitations \(if any\)}{subsection.1.2}% 15
\BOOKMARK [2][-]{subsection.1.3}{Design}{section.1}% 16
\BOOKMARK [3][-]{subsubsection.1.3.1}{Class diagram}{subsection.1.3}% 17
\BOOKMARK [3][-]{subsubsection.1.3.2}{Design patterns???}{subsection.1.3}% 18
\BOOKMARK [3][-]{subsubsection.1.3.3}{Interaction diagrams}{subsection.1.3}% 19
\BOOKMARK [3][-]{subsubsection.1.3.4}{ER-Model}{subsection.1.3}% 20
\BOOKMARK [3][-]{subsubsection.1.3.5}{User manual ???}{subsection.1.3}% 21
\BOOKMARK [2][-]{subsection.1.4}{Implementation}{section.1}% 22
\BOOKMARK [3][-]{subsubsection.1.4.1}{Architectural decisions}{subsection.1.4}% 23
\BOOKMARK [3][-]{subsubsection.1.4.2}{Related diagrams}{subsection.1.4}% 24
\BOOKMARK [3][-]{subsubsection.1.4.3}{Test}{subsection.1.4}% 25
\BOOKMARK [3][-]{subsubsection.1.4.4}{Known issues \(Hopefully not needed :\)}{subsection.1.4}% 26
\BOOKMARK [2][-]{subsection.1.5}{Project process}{section.1}% 27
\BOOKMARK [2][-]{subsection.1.6}{Conclusion}{section.1}% 28
\BOOKMARK [2][-]{subsection.1.7}{Reflectione}{section.1}% 29
\BOOKMARK [2][-]{subsection.1.8}{Appendices}{section.1}% 30
